Build started 14/11/2021 12:45:32.
     1>Project "F:\University\Year 1\SunlessWaters\SunlessWaters\SunlessWaters.vcxproj" on node 2 (Build target(s)).
     1>ClCompile:
         C:\Program Files (x86)\Microsoft Visual Studio 11.0\VC\bin\CL.exe /c /I"C:\SFML v2.4.0 (Win32 - Visual Studio 2012)\include" /ZI /nologo /W3 /WX- /Od /Oy- /D WIN32 /D _DEBUG /D _CONSOLE /D _UNICODE /D UNICODE /Gm /EHsc /RTC1 /MDd /GS /fp:precise /Zc:wchar_t /Zc:forScope /Fo"Debug\\" /Fd"Debug\vc110.pdb" /Gd /TP /analyze- /errorReport:prompt PlayerClass.cpp main.cpp
         main.cpp
         PlayerClass.cpp
     1>f:\university\year 1\sunlesswaters\sunlesswaters\playerclass.cpp(43): warning C4305: 'argument' : truncation from 'double' to 'float'
     1>f:\university\year 1\sunlesswaters\sunlesswaters\playerclass.cpp(298): warning C4244: 'argument' : conversion from 'int' to 'float', possible loss of data
     1>f:\university\year 1\sunlesswaters\sunlesswaters\playerclass.cpp(325): warning C4244: 'initializing' : conversion from 'float' to 'int', possible loss of data
     1>f:\university\year 1\sunlesswaters\sunlesswaters\playerclass.cpp(338): warning C4305: '=' : truncation from 'double' to 'float'
         Generating Code...
       Link:
         C:\Program Files (x86)\Microsoft Visual Studio 11.0\VC\bin\link.exe /ERRORREPORT:PROMPT /OUT:"F:\University\Year 1\SunlessWaters\Debug\SunlessWaters.exe" /INCREMENTAL /NOLOGO /LIBPATH:"C:\SFML v2.4.0 (Win32 - Visual Studio 2012)\lib" "sfml-system-d.lib" "sfml-graphics-d.lib" "sfml-audio-d.lib" "sfml-network-d.lib" "sfml-window-d.lib" kernel32.lib user32.lib gdi32.lib winspool.lib comdlg32.lib advapi32.lib shell32.lib ole32.lib oleaut32.lib uuid.lib odbc32.lib odbccp32.lib /MANIFEST /MANIFESTUAC:"level='asInvoker' uiAccess='false'" /manifest:embed /DEBUG /PDB:"F:\University\Year 1\SunlessWaters\Debug\SunlessWaters.pdb" /SUBSYSTEM:CONSOLE /TLBID:1 /DYNAMICBASE /NXCOMPAT /IMPLIB:"F:\University\Year 1\SunlessWaters\Debug\SunlessWaters.lib" /MACHINE:X86 Debug\Animator.obj
         Debug\EnemyFish.obj
         Debug\FishList.obj
         Debug\main.obj
         Debug\MenuScreen.obj
         Debug\MiniGameClass.obj
         Debug\PlayerClass.obj
         Debug\ShopScreenClass.obj
         Debug\Vector2c.obj
         Debug\WorldClass.obj
         SunlessWaters.vcxproj -> F:\University\Year 1\SunlessWaters\Debug\SunlessWaters.exe
     1>Done Building Project "F:\University\Year 1\SunlessWaters\SunlessWaters\SunlessWaters.vcxproj" (Build target(s)).

Build succeeded.

Time Elapsed 00:00:02.49
